{
  "zip_code": "60614",
  "place": "Chicago",
  "state_name": "Illinois",
  "state_abbr": "IL",
  "county_name": "Cook County",
  "county_fips": "17031",
  "generated_at": "2026-02-05T17:42:52+00:00",
  "dataset_id": "rdmq-nq56",
  "pathogen": "covid",
  "metric_used": "covid",
  "lookback_weeks": 16,
  "points": [
    {
      "week_end": "2026-01-24T00:00:00.000",
      "value": "No Change"
    }
  ],
  "last3_mode": "No Change",
  "prev3_mode": null,
  "risk": "unknown",
  "trend": "unknown",
  "confidence": "low",
  "note": "Insufficient data points (need >= 6 weeks) to compute stable comparison windows.",
  "scores": {
    "risk_score": 0.0,
    "trend_score": 0.0,
    "confidence_score": 0.4,
    "composite_score": 0.0
  },
  "db": null
}
